[debug] [2026-01-29T23:40:26.638Z] ----------------------------------------------------------------------
[debug] [2026-01-29T23:40:26.641Z] Command:       /opt/homebrew/Cellar/node/24.7.0/bin/node /opt/homebrew/bin/firebase deploy --only functions
[debug] [2026-01-29T23:40:26.641Z] CLI Version:   14.1.0
[debug] [2026-01-29T23:40:26.641Z] Platform:      darwin
[debug] [2026-01-29T23:40:26.641Z] Node Version:  v24.7.0
[debug] [2026-01-29T23:40:26.641Z] Time:          Fri Jan 30 2026 00:40:26 GMT+0100 (Central European Standard Time)
[debug] [2026-01-29T23:40:26.641Z] ----------------------------------------------------------------------
[debug] 
[debug] [2026-01-29T23:40:26.742Z] > command requires scopes: ["email","openid","https://www.googleapis.com/auth/cloudplatformprojects.readonly","https://www.googleapis.com/auth/firebase","https://www.googleapis.com/auth/cloud-platform"]
[debug] [2026-01-29T23:40:26.743Z] > authorizing via signed-in user (coretrademail@gmail.com)
[debug] [2026-01-29T23:40:26.743Z] [iam] checking project core-trade-global for permissions ["cloudfunctions.functions.create","cloudfunctions.functions.delete","cloudfunctions.functions.get","cloudfunctions.functions.list","cloudfunctions.functions.update","cloudfunctions.operations.get","firebase.projects.get"]
[debug] [2026-01-29T23:40:26.744Z] Checked if tokens are valid: true, expires at: 1769733046462
[debug] [2026-01-29T23:40:26.744Z] Checked if tokens are valid: true, expires at: 1769733046462
[debug] [2026-01-29T23:40:26.744Z] >>> [apiv2][query] POST https://cloudresourcemanager.googleapis.com/v1/projects/core-trade-global:testIamPermissions [none]
[debug] [2026-01-29T23:40:26.744Z] >>> [apiv2][(partial)header] POST https://cloudresourcemanager.googleapis.com/v1/projects/core-trade-global:testIamPermissions x-goog-quota-user=projects/core-trade-global
[debug] [2026-01-29T23:40:26.744Z] >>> [apiv2][body] POST https://cloudresourcemanager.googleapis.com/v1/projects/core-trade-global:testIamPermissions {"permissions":["cloudfunctions.functions.create","cloudfunctions.functions.delete","cloudfunctions.functions.get","cloudfunctions.functions.list","cloudfunctions.functions.update","cloudfunctions.operations.get","firebase.projects.get"]}
[debug] [2026-01-29T23:40:27.558Z] <<< [apiv2][status] POST https://cloudresourcemanager.googleapis.com/v1/projects/core-trade-global:testIamPermissions 200
[debug] [2026-01-29T23:40:27.558Z] <<< [apiv2][body] POST https://cloudresourcemanager.googleapis.com/v1/projects/core-trade-global:testIamPermissions {"permissions":["cloudfunctions.functions.create","cloudfunctions.functions.delete","cloudfunctions.functions.get","cloudfunctions.functions.list","cloudfunctions.functions.update","cloudfunctions.operations.get","firebase.projects.get"]}
[debug] [2026-01-29T23:40:27.558Z] Checked if tokens are valid: true, expires at: 1769733046462
[debug] [2026-01-29T23:40:27.558Z] Checked if tokens are valid: true, expires at: 1769733046462
[debug] [2026-01-29T23:40:27.558Z] >>> [apiv2][query] POST https://iam.googleapis.com/v1/projects/core-trade-global/serviceAccounts/core-trade-global@appspot.gserviceaccount.com:testIamPermissions [none]
[debug] [2026-01-29T23:40:27.558Z] >>> [apiv2][body] POST https://iam.googleapis.com/v1/projects/core-trade-global/serviceAccounts/core-trade-global@appspot.gserviceaccount.com:testIamPermissions {"permissions":["iam.serviceAccounts.actAs"]}
[debug] [2026-01-29T23:40:28.407Z] <<< [apiv2][status] POST https://iam.googleapis.com/v1/projects/core-trade-global/serviceAccounts/core-trade-global@appspot.gserviceaccount.com:testIamPermissions 404
[debug] [2026-01-29T23:40:28.407Z] <<< [apiv2][body] POST https://iam.googleapis.com/v1/projects/core-trade-global/serviceAccounts/core-trade-global@appspot.gserviceaccount.com:testIamPermissions {"error":{"code":404,"message":"Unknown service account","status":"NOT_FOUND"}}
[debug] [2026-01-29T23:40:28.408Z] [functions] service account IAM check errored, deploy may fail: Request to https://iam.googleapis.com/v1/projects/core-trade-global/serviceAccounts/core-trade-global@appspot.gserviceaccount.com:testIamPermissions had HTTP Error: 404, Unknown service account {"name":"FirebaseError","children":[],"context":{"body":{"error":{"code":404,"message":"Unknown service account","status":"NOT_FOUND"}},"response":{"statusCode":404}},"exit":1,"message":"Request to https://iam.googleapis.com/v1/projects/core-trade-global/serviceAccounts/core-trade-global@appspot.gserviceaccount.com:testIamPermissions had HTTP Error: 404, Unknown service account","status":404}
[info] 
[info] === Deploying to 'core-trade-global'...
[info] 
[info] i  deploying functions 
[debug] [2026-01-29T23:40:28.410Z] Checked if tokens are valid: true, expires at: 1769733046462
[debug] [2026-01-29T23:40:28.410Z] Checked if tokens are valid: true, expires at: 1769733046462
[debug] [2026-01-29T23:40:28.410Z] >>> [apiv2][query] GET https://cloudresourcemanager.googleapis.com/v1/projects/core-trade-global [none]
[debug] [2026-01-29T23:40:28.605Z] <<< [apiv2][status] GET https://cloudresourcemanager.googleapis.com/v1/projects/core-trade-global 200
[debug] [2026-01-29T23:40:28.606Z] <<< [apiv2][body] GET https://cloudresourcemanager.googleapis.com/v1/projects/core-trade-global {"projectNumber":"697939085347","projectId":"core-trade-global","lifecycleState":"ACTIVE","name":"Core Trade Global","labels":{"firebase":"enabled","firebase-core":"disabled"},"createTime":"2025-10-14T11:59:43.882641Z"}
[info] i  functions: preparing codebase default for deployment 
[info] i  functions: ensuring required API cloudfunctions.googleapis.com is enabled... 
[debug] [2026-01-29T23:40:28.606Z] Checked if tokens are valid: true, expires at: 1769733046462
[debug] [2026-01-29T23:40:28.606Z] Checked if tokens are valid: true, expires at: 1769733046462
[debug] [2026-01-29T23:40:28.606Z] Checked if tokens are valid: true, expires at: 1769733046462
[debug] [2026-01-29T23:40:28.607Z] Checked if tokens are valid: true, expires at: 1769733046462
[info] i  functions: ensuring required API cloudbuild.googleapis.com is enabled... 
[debug] [2026-01-29T23:40:28.607Z] Checked if tokens are valid: true, expires at: 1769733046462
[debug] [2026-01-29T23:40:28.607Z] Checked if tokens are valid: true, expires at: 1769733046462
[info] i  artifactregistry: ensuring required API artifactregistry.googleapis.com is enabled... 
[debug] [2026-01-29T23:40:28.607Z] Checked if tokens are valid: true, expires at: 1769733046462
[debug] [2026-01-29T23:40:28.607Z] Checked if tokens are valid: true, expires at: 1769733046462
[debug] [2026-01-29T23:40:28.607Z] >>> [apiv2][query] GET https://serviceusage.googleapis.com/v1/projects/core-trade-global/services/cloudfunctions.googleapis.com [none]
[debug] [2026-01-29T23:40:28.607Z] >>> [apiv2][(partial)header] GET https://serviceusage.googleapis.com/v1/projects/core-trade-global/services/cloudfunctions.googleapis.com x-goog-quota-user=projects/core-trade-global
[debug] [2026-01-29T23:40:28.608Z] >>> [apiv2][query] GET https://serviceusage.googleapis.com/v1/projects/core-trade-global/services/runtimeconfig.googleapis.com [none]
[debug] [2026-01-29T23:40:28.608Z] >>> [apiv2][(partial)header] GET https://serviceusage.googleapis.com/v1/projects/core-trade-global/services/runtimeconfig.googleapis.com x-goog-quota-user=projects/core-trade-global
[debug] [2026-01-29T23:40:28.609Z] >>> [apiv2][query] GET https://serviceusage.googleapis.com/v1/projects/core-trade-global/services/cloudbuild.googleapis.com [none]
[debug] [2026-01-29T23:40:28.609Z] >>> [apiv2][(partial)header] GET https://serviceusage.googleapis.com/v1/projects/core-trade-global/services/cloudbuild.googleapis.com x-goog-quota-user=projects/core-trade-global
[debug] [2026-01-29T23:40:28.610Z] >>> [apiv2][query] GET https://serviceusage.googleapis.com/v1/projects/core-trade-global/services/artifactregistry.googleapis.com [none]
[debug] [2026-01-29T23:40:28.610Z] >>> [apiv2][(partial)header] GET https://serviceusage.googleapis.com/v1/projects/core-trade-global/services/artifactregistry.googleapis.com x-goog-quota-user=projects/core-trade-global
[debug] [2026-01-29T23:40:29.555Z] <<< [apiv2][status] GET https://serviceusage.googleapis.com/v1/projects/core-trade-global/services/cloudbuild.googleapis.com 200
[debug] [2026-01-29T23:40:29.555Z] <<< [apiv2][body] GET https://serviceusage.googleapis.com/v1/projects/core-trade-global/services/cloudbuild.googleapis.com [omitted]
[info] ✔  functions: required API cloudbuild.googleapis.com is enabled 
[debug] [2026-01-29T23:40:29.559Z] <<< [apiv2][status] GET https://serviceusage.googleapis.com/v1/projects/core-trade-global/services/artifactregistry.googleapis.com 200
[debug] [2026-01-29T23:40:29.559Z] <<< [apiv2][body] GET https://serviceusage.googleapis.com/v1/projects/core-trade-global/services/artifactregistry.googleapis.com [omitted]
[info] ✔  artifactregistry: required API artifactregistry.googleapis.com is enabled 
[debug] [2026-01-29T23:40:29.560Z] <<< [apiv2][status] GET https://serviceusage.googleapis.com/v1/projects/core-trade-global/services/cloudfunctions.googleapis.com 200
[debug] [2026-01-29T23:40:29.560Z] <<< [apiv2][body] GET https://serviceusage.googleapis.com/v1/projects/core-trade-global/services/cloudfunctions.googleapis.com [omitted]
[info] ✔  functions: required API cloudfunctions.googleapis.com is enabled 
[debug] [2026-01-29T23:40:29.565Z] <<< [apiv2][status] GET https://serviceusage.googleapis.com/v1/projects/core-trade-global/services/runtimeconfig.googleapis.com 200
[debug] [2026-01-29T23:40:29.566Z] <<< [apiv2][body] GET https://serviceusage.googleapis.com/v1/projects/core-trade-global/services/runtimeconfig.googleapis.com [omitted]
[debug] [2026-01-29T23:40:29.566Z] Checked if tokens are valid: true, expires at: 1769733046462
[debug] [2026-01-29T23:40:29.566Z] Checked if tokens are valid: true, expires at: 1769733046462
[debug] [2026-01-29T23:40:29.566Z] >>> [apiv2][query] GET https://firebase.googleapis.com/v1beta1/projects/core-trade-global/adminSdkConfig [none]
[debug] [2026-01-29T23:40:30.161Z] <<< [apiv2][status] GET https://firebase.googleapis.com/v1beta1/projects/core-trade-global/adminSdkConfig 200
[debug] [2026-01-29T23:40:30.161Z] <<< [apiv2][body] GET https://firebase.googleapis.com/v1beta1/projects/core-trade-global/adminSdkConfig {"projectId":"core-trade-global","storageBucket":"core-trade-global.firebasestorage.app"}
[debug] [2026-01-29T23:40:30.161Z] Checked if tokens are valid: true, expires at: 1769733046462
[debug] [2026-01-29T23:40:30.161Z] Checked if tokens are valid: true, expires at: 1769733046462
[debug] [2026-01-29T23:40:30.161Z] >>> [apiv2][query] GET https://runtimeconfig.googleapis.com/v1beta1/projects/core-trade-global/configs [none]
[debug] [2026-01-29T23:40:30.457Z] <<< [apiv2][status] GET https://runtimeconfig.googleapis.com/v1beta1/projects/core-trade-global/configs 200
[debug] [2026-01-29T23:40:30.457Z] <<< [apiv2][body] GET https://runtimeconfig.googleapis.com/v1beta1/projects/core-trade-global/configs {}
[debug] [2026-01-29T23:40:30.458Z] Validating nodejs source
[warn] ⚠  functions: package.json indicates an outdated version of firebase-functions. Please upgrade using npm install --save firebase-functions@latest in your functions directory. 
[warn] ⚠  functions: Please note that there will be breaking changes when you upgrade. 
[debug] [2026-01-29T23:40:30.912Z] > [functions] package.json contents: {
  "name": "functions",
  "description": "Cloud Functions for Firebase",
  "scripts": {
    "serve": "firebase emulators:start --only functions",
    "shell": "firebase functions:shell",
    "start": "npm run shell",
    "deploy": "firebase deploy --only functions",
    "logs": "firebase functions:log"
  },
  "engines": {
    "node": "20"
  },
  "main": "index.js",
  "dependencies": {
    "firebase-admin": "^12.0.0",
    "firebase-functions": "^5.0.0"
  },
  "devDependencies": {
    "firebase-functions-test": "^3.1.0"
  },
  "private": true
}
[debug] [2026-01-29T23:40:30.912Z] Building nodejs source
[info] i  functions: Loading and analyzing source code for codebase default to determine what to deploy 
[debug] [2026-01-29T23:40:30.913Z] Could not find functions.yaml. Must use http discovery
[debug] [2026-01-29T23:40:30.919Z] Found firebase-functions binary at '/Users/wenubey/Desktop/CTG/core-trade-global/functions/node_modules/.bin/firebase-functions'
[info] Serving at port 8506

[debug] [2026-01-29T23:40:31.256Z] Got response from /__/functions.yaml {"endpoints":{"softDeleteUser":{"availableMemoryMb":null,"timeoutSeconds":null,"minInstances":null,"maxInstances":null,"ingressSettings":null,"concurrency":null,"serviceAccountEmail":null,"vpc":null,"platform":"gcfv2","labels":{},"callableTrigger":{},"entryPoint":"softDeleteUser"},"recoverAccount":{"availableMemoryMb":null,"timeoutSeconds":null,"minInstances":null,"maxInstances":null,"ingressSettings":null,"concurrency":null,"serviceAccountEmail":null,"vpc":null,"platform":"gcfv2","labels":{},"callableTrigger":{},"entryPoint":"recoverAccount"},"banUser":{"availableMemoryMb":null,"timeoutSeconds":null,"minInstances":null,"maxInstances":null,"ingressSettings":null,"concurrency":null,"serviceAccountEmail":null,"vpc":null,"platform":"gcfv2","labels":{},"callableTrigger":{},"entryPoint":"banUser"},"unbanUser":{"availableMemoryMb":null,"timeoutSeconds":null,"minInstances":null,"maxInstances":null,"ingressSettings":null,"concurrency":null,"serviceAccountEmail":null,"vpc":null,"platform":"gcfv2","labels":{},"callableTrigger":{},"entryPoint":"unbanUser"},"deleteUser":{"availableMemoryMb":null,"timeoutSeconds":null,"minInstances":null,"maxInstances":null,"ingressSettings":null,"concurrency":null,"serviceAccountEmail":null,"vpc":null,"platform":"gcfv2","labels":{},"callableTrigger":{},"entryPoint":"deleteUser"},"sendMessageNotification":{"availableMemoryMb":null,"timeoutSeconds":null,"minInstances":null,"maxInstances":null,"ingressSettings":null,"concurrency":null,"serviceAccountEmail":null,"vpc":null,"platform":"gcfv2","labels":{},"eventTrigger":{"eventType":"google.cloud.firestore.document.v1.created","eventFilters":{"database":"(default)","namespace":"(default)"},"eventFilterPathPatterns":{"document":"conversations/{conversationId}/messages/{messageId}"},"retry":false},"entryPoint":"sendMessageNotification"}},"specVersion":"v1alpha1","requiredAPIs":[],"extensions":{}}
[info] i  extensions: ensuring required API firebaseextensions.googleapis.com is enabled... 
[debug] [2026-01-29T23:40:35.276Z] Checked if tokens are valid: true, expires at: 1769733046462
[debug] [2026-01-29T23:40:35.276Z] Checked if tokens are valid: true, expires at: 1769733046462
[debug] [2026-01-29T23:40:35.276Z] >>> [apiv2][query] GET https://serviceusage.googleapis.com/v1/projects/core-trade-global/services/firebaseextensions.googleapis.com [none]
[debug] [2026-01-29T23:40:35.276Z] >>> [apiv2][(partial)header] GET https://serviceusage.googleapis.com/v1/projects/core-trade-global/services/firebaseextensions.googleapis.com x-goog-quota-user=projects/core-trade-global
[debug] [2026-01-29T23:40:36.193Z] <<< [apiv2][status] GET https://serviceusage.googleapis.com/v1/projects/core-trade-global/services/firebaseextensions.googleapis.com 200
[debug] [2026-01-29T23:40:36.193Z] <<< [apiv2][body] GET https://serviceusage.googleapis.com/v1/projects/core-trade-global/services/firebaseextensions.googleapis.com [omitted]
[info] ✔  extensions: required API firebaseextensions.googleapis.com is enabled 
[debug] [2026-01-29T23:40:36.193Z] > command requires scopes: ["email","openid","https://www.googleapis.com/auth/cloudplatformprojects.readonly","https://www.googleapis.com/auth/firebase","https://www.googleapis.com/auth/cloud-platform"]
[debug] [2026-01-29T23:40:36.193Z] > authorizing via signed-in user (coretrademail@gmail.com)
[debug] [2026-01-29T23:40:36.193Z] [iam] checking project core-trade-global for permissions ["firebase.projects.get","firebaseextensions.instances.list"]
[debug] [2026-01-29T23:40:36.193Z] Checked if tokens are valid: true, expires at: 1769733046462
[debug] [2026-01-29T23:40:36.193Z] Checked if tokens are valid: true, expires at: 1769733046462
[debug] [2026-01-29T23:40:36.194Z] >>> [apiv2][query] POST https://cloudresourcemanager.googleapis.com/v1/projects/core-trade-global:testIamPermissions [none]
[debug] [2026-01-29T23:40:36.194Z] >>> [apiv2][(partial)header] POST https://cloudresourcemanager.googleapis.com/v1/projects/core-trade-global:testIamPermissions x-goog-quota-user=projects/core-trade-global
[debug] [2026-01-29T23:40:36.194Z] >>> [apiv2][body] POST https://cloudresourcemanager.googleapis.com/v1/projects/core-trade-global:testIamPermissions {"permissions":["firebase.projects.get","firebaseextensions.instances.list"]}
[debug] [2026-01-29T23:40:36.927Z] <<< [apiv2][status] POST https://cloudresourcemanager.googleapis.com/v1/projects/core-trade-global:testIamPermissions 200
[debug] [2026-01-29T23:40:36.928Z] <<< [apiv2][body] POST https://cloudresourcemanager.googleapis.com/v1/projects/core-trade-global:testIamPermissions {"permissions":["firebase.projects.get","firebaseextensions.instances.list"]}
[debug] [2026-01-29T23:40:36.928Z] Checked if tokens are valid: true, expires at: 1769733046462
[debug] [2026-01-29T23:40:36.928Z] Checked if tokens are valid: true, expires at: 1769733046462
[debug] [2026-01-29T23:40:36.928Z] >>> [apiv2][query] GET https://firebaseextensions.googleapis.com/v1beta/projects/core-trade-global/instances pageSize=100&pageToken=
[debug] [2026-01-29T23:40:37.832Z] <<< [apiv2][status] GET https://firebaseextensions.googleapis.com/v1beta/projects/core-trade-global/instances 200
[debug] [2026-01-29T23:40:37.832Z] <<< [apiv2][body] GET https://firebaseextensions.googleapis.com/v1beta/projects/core-trade-global/instances {}
[info] i  functions: preparing functions directory for uploading... 
[info] i  functions: packaged /Users/wenubey/Desktop/CTG/core-trade-global/functions (71.06 KB) for uploading 
[debug] [2026-01-29T23:40:37.857Z] Checked if tokens are valid: true, expires at: 1769733046462
[debug] [2026-01-29T23:40:37.857Z] Checked if tokens are valid: true, expires at: 1769733046462
[debug] [2026-01-29T23:40:37.857Z] >>> [apiv2][query] GET https://cloudfunctions.googleapis.com/v1/projects/core-trade-global/locations/-/functions [none]
[debug] [2026-01-29T23:40:38.507Z] <<< [apiv2][status] GET https://cloudfunctions.googleapis.com/v1/projects/core-trade-global/locations/-/functions 200
[debug] [2026-01-29T23:40:38.507Z] <<< [apiv2][body] GET https://cloudfunctions.googleapis.com/v1/projects/core-trade-global/locations/-/functions {}
[debug] [2026-01-29T23:40:38.507Z] Checked if tokens are valid: true, expires at: 1769733046462
[debug] [2026-01-29T23:40:38.507Z] Checked if tokens are valid: true, expires at: 1769733046462
[debug] [2026-01-29T23:40:38.507Z] >>> [apiv2][query] GET https://cloudfunctions.googleapis.com/v2/projects/core-trade-global/locations/-/functions filter=environment%3D%22GEN_2%22
[debug] [2026-01-29T23:40:39.549Z] <<< [apiv2][status] GET https://cloudfunctions.googleapis.com/v2/projects/core-trade-global/locations/-/functions 200
[debug] [2026-01-29T23:40:39.550Z] <<< [apiv2][body] GET https://cloudfunctions.googleapis.com/v2/projects/core-trade-global/locations/-/functions {"functions":[{"name":"projects/core-trade-global/locations/us-central1/functions/deleteUser","buildConfig":{"build":"projects/697939085347/locations/us-central1/builds/a5e3fdf1-9aee-425c-90f2-d05c9b20bc65","runtime":"nodejs20","entryPoint":"deleteUser","source":{"storageSource":{"bucket":"gcf-v2-sources-697939085347-us-central1","object":"deleteUser/function-source.zip","generation":"1769729530565017"}},"environmentVariables":{"GOOGLE_NODE_RUN_SCRIPTS":""},"dockerRepository":"projects/core-trade-global/locations/us-central1/repositories/gcf-artifacts","sourceProvenance":{"resolvedStorageSource":{"bucket":"gcf-v2-sources-697939085347-us-central1","object":"deleteUser/function-source.zip","generation":"1769729530565017"}},"dockerRegistry":"ARTIFACT_REGISTRY","serviceAccount":"projects/core-trade-global/serviceAccounts/697939085347-compute@developer.gserviceaccount.com","automaticUpdatePolicy":{}},"serviceConfig":{"service":"projects/core-trade-global/locations/us-central1/services/deleteuser","timeoutSeconds":60,"environmentVariables":{"FIREBASE_CONFIG":"{\"projectId\":\"core-trade-global\",\"storageBucket\":\"core-trade-global.firebasestorage.app\"}","GCLOUD_PROJECT":"core-trade-global","EVENTARC_CLOUD_EVENT_SOURCE":"projects/core-trade-global/locations/us-central1/services/deleteUser","FUNCTION_TARGET":"deleteUser","LOG_EXECUTION_ID":"true","FUNCTION_SIGNATURE_TYPE":"http"},"maxInstanceCount":3,"ingressSettings":"ALLOW_ALL","uri":"https://deleteuser-upeax6okiq-uc.a.run.app","serviceAccountEmail":"697939085347-compute@developer.gserviceaccount.com","availableMemory":"256Mi","allTrafficOnLatestRevision":true,"revision":"deleteuser-00007-nek","maxInstanceRequestConcurrency":80,"availableCpu":"1"},"state":"ACTIVE","updateTime":"2026-01-29T23:32:17.623537872Z","labels":{"firebase-functions-hash":"30a0645ec31f5f9e7103648d201068d0b11a5b8b","deployment-tool":"cli-firebase","deployment-callable":"true"},"environment":"GEN_2","url":"https://us-central1-core-trade-global.cloudfunctions.net/deleteUser","createTime":"2025-11-29T14:01:18.213897614Z","satisfiesPzi":true},{"name":"projects/core-trade-global/locations/us-central1/functions/migrateCategoryIds","buildConfig":{"build":"projects/697939085347/locations/us-central1/builds/a5e3fdf1-9aee-425c-90f2-d05c9b20bc65","runtime":"nodejs20","entryPoint":"migrateCategoryIds","source":{"storageSource":{"bucket":"gcf-v2-sources-697939085347-us-central1","object":"migrateCategoryIds/function-source.zip","generation":"1769729465832797"}},"environmentVariables":{"GOOGLE_NODE_RUN_SCRIPTS":""},"dockerRepository":"projects/core-trade-global/locations/us-central1/repositories/gcf-artifacts","sourceProvenance":{"resolvedStorageSource":{"bucket":"gcf-v2-sources-697939085347-us-central1","object":"migrateCategoryIds/function-source.zip","generation":"1769729465832797"}},"dockerRegistry":"ARTIFACT_REGISTRY","serviceAccount":"projects/core-trade-global/serviceAccounts/697939085347-compute@developer.gserviceaccount.com","automaticUpdatePolicy":{}},"serviceConfig":{"service":"projects/core-trade-global/locations/us-central1/services/migratecategoryids","timeoutSeconds":60,"environmentVariables":{"FIREBASE_CONFIG":"{\"projectId\":\"core-trade-global\",\"storageBucket\":\"core-trade-global.firebasestorage.app\"}","GCLOUD_PROJECT":"core-trade-global","EVENTARC_CLOUD_EVENT_SOURCE":"projects/core-trade-global/locations/us-central1/services/migrateCategoryIds","FUNCTION_TARGET":"migrateCategoryIds","LOG_EXECUTION_ID":"true"},"ingressSettings":"ALLOW_ALL","uri":"https://migratecategoryids-upeax6okiq-uc.a.run.app","serviceAccountEmail":"697939085347-compute@developer.gserviceaccount.com","availableMemory":"256Mi","allTrafficOnLatestRevision":true,"revision":"migratecategoryids-00001-veb","maxInstanceRequestConcurrency":80,"availableCpu":"1"},"state":"ACTIVE","updateTime":"2026-01-29T23:32:11.400373820Z","labels":{"deployment-callable":"true","firebase-functions-hash":"30a0645ec31f5f9e7103648d201068d0b11a5b8b","deployment-tool":"cli-firebase"},"environment":"GEN_2","url":"https://us-central1-core-trade-global.cloudfunctions.net/migrateCategoryIds","createTime":"2026-01-29T23:31:06.109111198Z","satisfiesPzi":true},{"name":"projects/core-trade-global/locations/us-central1/functions/unbanUser","buildConfig":{"build":"projects/697939085347/locations/us-central1/builds/a5e3fdf1-9aee-425c-90f2-d05c9b20bc65","runtime":"nodejs20","entryPoint":"unbanUser","source":{"storageSource":{"bucket":"gcf-v2-sources-697939085347-us-central1","object":"unbanUser/function-source.zip","generation":"1769729530469952"}},"environmentVariables":{"GOOGLE_NODE_RUN_SCRIPTS":""},"dockerRepository":"projects/core-trade-global/locations/us-central1/repositories/gcf-artifacts","sourceProvenance":{"resolvedStorageSource":{"bucket":"gcf-v2-sources-697939085347-us-central1","object":"unbanUser/function-source.zip","generation":"1769729530469952"}},"dockerRegistry":"ARTIFACT_REGISTRY","serviceAccount":"projects/core-trade-global/serviceAccounts/697939085347-compute@developer.gserviceaccount.com","automaticUpdatePolicy":{}},"serviceConfig":{"service":"projects/core-trade-global/locations/us-central1/services/unbanuser","timeoutSeconds":60,"environmentVariables":{"FIREBASE_CONFIG":"{\"projectId\":\"core-trade-global\",\"storageBucket\":\"core-trade-global.firebasestorage.app\"}","GCLOUD_PROJECT":"core-trade-global","EVENTARC_CLOUD_EVENT_SOURCE":"projects/core-trade-global/locations/us-central1/services/unbanUser","FUNCTION_TARGET":"unbanUser","LOG_EXECUTION_ID":"true","FUNCTION_SIGNATURE_TYPE":"http"},"maxInstanceCount":3,"ingressSettings":"ALLOW_ALL","uri":"https://unbanuser-upeax6okiq-uc.a.run.app","serviceAccountEmail":"697939085347-compute@developer.gserviceaccount.com","availableMemory":"256Mi","allTrafficOnLatestRevision":true,"revision":"unbanuser-00004-ven","maxInstanceRequestConcurrency":80,"availableCpu":"1"},"state":"ACTIVE","updateTime":"2026-01-29T23:32:17.363595642Z","labels":{"deployment-tool":"cli-firebase","deployment-callable":"true","firebase-functions-hash":"30a0645ec31f5f9e7103648d201068d0b11a5b8b"},"environment":"GEN_2","url":"https://us-central1-core-trade-global.cloudfunctions.net/unbanUser","createTime":"2026-01-29T13:56:24.179831139Z","satisfiesPzi":true},{"name":"projects/core-trade-global/locations/us-central1/functions/banUser","buildConfig":{"build":"projects/697939085347/locations/us-central1/builds/a5e3fdf1-9aee-425c-90f2-d05c9b20bc65","runtime":"nodejs20","entryPoint":"banUser","source":{"storageSource":{"bucket":"gcf-v2-sources-697939085347-us-central1","object":"banUser/function-source.zip","generation":"1769729530479889"}},"environmentVariables":{"GOOGLE_NODE_RUN_SCRIPTS":""},"dockerRepository":"projects/core-trade-global/locations/us-central1/repositories/gcf-artifacts","sourceProvenance":{"resolvedStorageSource":{"bucket":"gcf-v2-sources-697939085347-us-central1","object":"banUser/function-source.zip","generation":"1769729530479889"}},"dockerRegistry":"ARTIFACT_REGISTRY","serviceAccount":"projects/core-trade-global/serviceAccounts/697939085347-compute@developer.gserviceaccount.com","automaticUpdatePolicy":{}},"serviceConfig":{"service":"projects/core-trade-global/locations/us-central1/services/banuser","timeoutSeconds":60,"environmentVariables":{"FIREBASE_CONFIG":"{\"projectId\":\"core-trade-global\",\"storageBucket\":\"core-trade-global.firebasestorage.app\"}","GCLOUD_PROJECT":"core-trade-global","EVENTARC_CLOUD_EVENT_SOURCE":"projects/core-trade-global/locations/us-central1/services/banUser","FUNCTION_TARGET":"banUser","LOG_EXECUTION_ID":"true","FUNCTION_SIGNATURE_TYPE":"http"},"maxInstanceCount":3,"ingressSettings":"ALLOW_ALL","uri":"https://banuser-upeax6okiq-uc.a.run.app","serviceAccountEmail":"697939085347-compute@developer.gserviceaccount.com","availableMemory":"256Mi","allTrafficOnLatestRevision":true,"revision":"banuser-00004-raz","maxInstanceRequestConcurrency":80,"availableCpu":"1"},"state":"ACTIVE","updateTime":"2026-01-29T23:32:17.798180758Z","labels":{"deployment-tool":"cli-firebase","deployment-callable":"true","firebase-functions-hash":"30a0645ec31f5f9e7103648d201068d0b11a5b8b"},"environment":"GEN_2","url":"https://us-central1-core-trade-global.cloudfunctions.net/banUser","createTime":"2026-01-29T13:56:24.177959600Z","satisfiesPzi":true},{"name":"projects/core-trade-global/locations/us-central1/functions/softDeleteUser","buildConfig":{"build":"projects/697939085347/locations/us-central1/builds/a5e3fdf1-9aee-425c-90f2-d05c9b20bc65","runtime":"nodejs20","entryPoint":"softDeleteUser","source":{"storageSource":{"bucket":"gcf-v2-sources-697939085347-us-central1","object":"softDeleteUser/function-source.zip","generation":"1769729530420227"}},"environmentVariables":{"GOOGLE_NODE_RUN_SCRIPTS":""},"dockerRepository":"projects/core-trade-global/locations/us-central1/repositories/gcf-artifacts","sourceProvenance":{"resolvedStorageSource":{"bucket":"gcf-v2-sources-697939085347-us-central1","object":"softDeleteUser/function-source.zip","generation":"1769729530420227"}},"dockerRegistry":"ARTIFACT_REGISTRY","serviceAccount":"projects/core-trade-global/serviceAccounts/697939085347-compute@developer.gserviceaccount.com","automaticUpdatePolicy":{}},"serviceConfig":{"service":"projects/core-trade-global/locations/us-central1/services/softdeleteuser","timeoutSeconds":60,"environmentVariables":{"FIREBASE_CONFIG":"{\"projectId\":\"core-trade-global\",\"storageBucket\":\"core-trade-global.firebasestorage.app\"}","GCLOUD_PROJECT":"core-trade-global","EVENTARC_CLOUD_EVENT_SOURCE":"projects/core-trade-global/locations/us-central1/services/softDeleteUser","FUNCTION_TARGET":"softDeleteUser","LOG_EXECUTION_ID":"true","FUNCTION_SIGNATURE_TYPE":"http"},"maxInstanceCount":3,"ingressSettings":"ALLOW_ALL","uri":"https://softdeleteuser-upeax6okiq-uc.a.run.app","serviceAccountEmail":"697939085347-compute@developer.gserviceaccount.com","availableMemory":"256Mi","allTrafficOnLatestRevision":true,"revision":"softdeleteuser-00004-boz","maxInstanceRequestConcurrency":80,"availableCpu":"1"},"state":"ACTIVE","updateTime":"2026-01-29T23:32:18.434298809Z","labels":{"firebase-functions-hash":"30a0645ec31f5f9e7103648d201068d0b11a5b8b","deployment-tool":"cli-firebase","deployment-callable":"true"},"environment":"GEN_2","url":"https://us-central1-core-trade-global.cloudfunctions.net/softDeleteUser","createTime":"2026-01-29T13:55:31.258923039Z","satisfiesPzi":true},{"name":"projects/core-trade-global/locations/us-central1/functions/sendMessageNotification","buildConfig":{"build":"projects/697939085347/locations/us-central1/builds/a5e3fdf1-9aee-425c-90f2-d05c9b20bc65","runtime":"nodejs20","entryPoint":"sendMessageNotification","source":{"storageSource":{"bucket":"gcf-v2-sources-697939085347-us-central1","object":"sendMessageNotification/function-source.zip","generation":"1769729530829039"}},"environmentVariables":{"GOOGLE_NODE_RUN_SCRIPTS":""},"dockerRepository":"projects/core-trade-global/locations/us-central1/repositories/gcf-artifacts","sourceProvenance":{"resolvedStorageSource":{"bucket":"gcf-v2-sources-697939085347-us-central1","object":"sendMessageNotification/function-source.zip","generation":"1769729530829039"}},"dockerRegistry":"ARTIFACT_REGISTRY","serviceAccount":"projects/core-trade-global/serviceAccounts/697939085347-compute@developer.gserviceaccount.com","automaticUpdatePolicy":{}},"serviceConfig":{"service":"projects/core-trade-global/locations/us-central1/services/sendmessagenotification","timeoutSeconds":60,"environmentVariables":{"FIREBASE_CONFIG":"{\"projectId\":\"core-trade-global\",\"storageBucket\":\"core-trade-global.firebasestorage.app\"}","GCLOUD_PROJECT":"core-trade-global","EVENTARC_CLOUD_EVENT_SOURCE":"projects/core-trade-global/locations/us-central1/services/sendMessageNotification","FUNCTION_SIGNATURE_TYPE":"cloudevent","FUNCTION_TARGET":"sendMessageNotification","LOG_EXECUTION_ID":"true"},"maxInstanceCount":3,"ingressSettings":"ALLOW_ALL","uri":"https://sendmessagenotification-upeax6okiq-uc.a.run.app","serviceAccountEmail":"697939085347-compute@developer.gserviceaccount.com","availableMemory":"256Mi","allTrafficOnLatestRevision":true,"revision":"sendmessagenotification-00005-nec","maxInstanceRequestConcurrency":80,"availableCpu":"1"},"eventTrigger":{"trigger":"projects/core-trade-global/locations/eur3/triggers/sendmessagenotification-624817","triggerRegion":"eur3","eventType":"google.cloud.firestore.document.v1.created","eventFilters":[{"attribute":"document","value":"conversations/{conversationId}/messages/{messageId}","operator":"match-path-pattern"},{"attribute":"database","value":"(default)"},{"attribute":"namespace","value":"(default)"}],"pubsubTopic":"projects/core-trade-global/topics/eventarc-eur3-sendmessagenotification-624817-637","serviceAccountEmail":"697939085347-compute@developer.gserviceaccount.com","retryPolicy":"RETRY_POLICY_DO_NOT_RETRY"},"state":"ACTIVE","updateTime":"2026-01-29T23:32:17.079257603Z","labels":{"deployment-tool":"cli-firebase","firebase-functions-hash":"30a0645ec31f5f9e7103648d201068d0b11a5b8b"},"environment":"GEN_2","url":"https://us-central1-core-trade-global.cloudfunctions.net/sendMessageNotification","createTime":"2026-01-28T18:14:30.572969102Z","satisfiesPzi":true},{"name":"projects/core-trade-global/locations/us-central1/functions/recoverAccount","buildConfig":{"build":"projects/697939085347/locations/us-central1/builds/a5e3fdf1-9aee-425c-90f2-d05c9b20bc65","runtime":"nodejs20","entryPoint":"recoverAccount","source":{"storageSource":{"bucket":"gcf-v2-sources-697939085347-us-central1","object":"recoverAccount/function-source.zip","generation":"1769729530543152"}},"environmentVariables":{"GOOGLE_NODE_RUN_SCRIPTS":""},"dockerRepository":"projects/core-trade-global/locations/us-central1/repositories/gcf-artifacts","sourceProvenance":{"resolvedStorageSource":{"bucket":"gcf-v2-sources-697939085347-us-central1","object":"recoverAccount/function-source.zip","generation":"1769729530543152"}},"dockerRegistry":"ARTIFACT_REGISTRY","serviceAccount":"projects/core-trade-global/serviceAccounts/697939085347-compute@developer.gserviceaccount.com","automaticUpdatePolicy":{}},"serviceConfig":{"service":"projects/core-trade-global/locations/us-central1/services/recoveraccount","timeoutSeconds":60,"environmentVariables":{"FIREBASE_CONFIG":"{\"projectId\":\"core-trade-global\",\"storageBucket\":\"core-trade-global.firebasestorage.app\"}","GCLOUD_PROJECT":"core-trade-global","EVENTARC_CLOUD_EVENT_SOURCE":"projects/core-trade-global/locations/us-central1/services/recoverAccount","FUNCTION_TARGET":"recoverAccount","LOG_EXECUTION_ID":"true","FUNCTION_SIGNATURE_TYPE":"http"},"maxInstanceCount":3,"ingressSettings":"ALLOW_ALL","uri":"https://recoveraccount-upeax6okiq-uc.a.run.app","serviceAccountEmail":"697939085347-compute@developer.gserviceaccount.com","availableMemory":"256Mi","allTrafficOnLatestRevision":true,"revision":"recoveraccount-00004-gaj","maxInstanceRequestConcurrency":80,"availableCpu":"1"},"state":"ACTIVE","updateTime":"2026-01-29T23:32:19.469610342Z","labels":{"deployment-callable":"true","firebase-functions-hash":"30a0645ec31f5f9e7103648d201068d0b11a5b8b","deployment-tool":"cli-firebase"},"environment":"GEN_2","url":"https://us-central1-core-trade-global.cloudfunctions.net/recoverAccount","createTime":"2026-01-29T13:56:23.709311568Z","satisfiesPzi":true}]}
[debug] [2026-01-29T23:40:39.551Z] Checked if tokens are valid: true, expires at: 1769733046462
[debug] [2026-01-29T23:40:39.551Z] Checked if tokens are valid: true, expires at: 1769733046462
[debug] [2026-01-29T23:40:39.551Z] >>> [apiv2][query] GET https://firestore.googleapis.com/v1/projects/core-trade-global/databases/(default) [none]
[debug] [2026-01-29T23:40:39.799Z] <<< [apiv2][status] GET https://firestore.googleapis.com/v1/projects/core-trade-global/databases/(default) 200
[debug] [2026-01-29T23:40:39.799Z] <<< [apiv2][body] GET https://firestore.googleapis.com/v1/projects/core-trade-global/databases/(default) {"name":"projects/core-trade-global/databases/(default)","uid":"4537e264-a8be-474f-959a-dd9bf6be1862","createTime":"2025-10-14T12:01:29.001316Z","updateTime":"2025-10-14T12:01:29.001316Z","locationId":"eur3","type":"FIRESTORE_NATIVE","concurrencyMode":"PESSIMISTIC","versionRetentionPeriod":"3600s","earliestVersionTime":"2026-01-29T22:40:39.804513Z","appEngineIntegrationMode":"DISABLED","keyPrefix":"e","pointInTimeRecoveryEnablement":"POINT_IN_TIME_RECOVERY_DISABLED","deleteProtectionState":"DELETE_PROTECTION_DISABLED","databaseEdition":"STANDARD","freeTier":true,"realtimeUpdatesMode":"REALTIME_UPDATES_MODE_ENABLED","etag":"ILTe+5L2sZIDMN6r66XWo5AD"}
[info] i  functions: ensuring required API run.googleapis.com is enabled... 
[debug] [2026-01-29T23:40:39.800Z] Checked if tokens are valid: true, expires at: 1769733046462
[debug] [2026-01-29T23:40:39.800Z] Checked if tokens are valid: true, expires at: 1769733046462
[info] i  functions: ensuring required API eventarc.googleapis.com is enabled... 
[debug] [2026-01-29T23:40:39.800Z] Checked if tokens are valid: true, expires at: 1769733046462
[debug] [2026-01-29T23:40:39.801Z] Checked if tokens are valid: true, expires at: 1769733046462
[info] i  functions: ensuring required API pubsub.googleapis.com is enabled... 
[debug] [2026-01-29T23:40:39.801Z] Checked if tokens are valid: true, expires at: 1769733046462
[debug] [2026-01-29T23:40:39.801Z] Checked if tokens are valid: true, expires at: 1769733046462
[info] i  functions: ensuring required API storage.googleapis.com is enabled... 
[debug] [2026-01-29T23:40:39.801Z] Checked if tokens are valid: true, expires at: 1769733046462
[debug] [2026-01-29T23:40:39.801Z] Checked if tokens are valid: true, expires at: 1769733046462
[debug] [2026-01-29T23:40:39.801Z] >>> [apiv2][query] GET https://serviceusage.googleapis.com/v1/projects/core-trade-global/services/run.googleapis.com [none]
[debug] [2026-01-29T23:40:39.801Z] >>> [apiv2][(partial)header] GET https://serviceusage.googleapis.com/v1/projects/core-trade-global/services/run.googleapis.com x-goog-quota-user=projects/core-trade-global
[debug] [2026-01-29T23:40:39.801Z] >>> [apiv2][query] GET https://serviceusage.googleapis.com/v1/projects/core-trade-global/services/eventarc.googleapis.com [none]
[debug] [2026-01-29T23:40:39.801Z] >>> [apiv2][(partial)header] GET https://serviceusage.googleapis.com/v1/projects/core-trade-global/services/eventarc.googleapis.com x-goog-quota-user=projects/core-trade-global
[debug] [2026-01-29T23:40:39.802Z] >>> [apiv2][query] GET https://serviceusage.googleapis.com/v1/projects/core-trade-global/services/pubsub.googleapis.com [none]
[debug] [2026-01-29T23:40:39.802Z] >>> [apiv2][(partial)header] GET https://serviceusage.googleapis.com/v1/projects/core-trade-global/services/pubsub.googleapis.com x-goog-quota-user=projects/core-trade-global
[debug] [2026-01-29T23:40:39.803Z] >>> [apiv2][query] GET https://serviceusage.googleapis.com/v1/projects/core-trade-global/services/storage.googleapis.com [none]
[debug] [2026-01-29T23:40:39.803Z] >>> [apiv2][(partial)header] GET https://serviceusage.googleapis.com/v1/projects/core-trade-global/services/storage.googleapis.com x-goog-quota-user=projects/core-trade-global
[debug] [2026-01-29T23:40:40.661Z] <<< [apiv2][status] GET https://serviceusage.googleapis.com/v1/projects/core-trade-global/services/run.googleapis.com 200
[debug] [2026-01-29T23:40:40.661Z] <<< [apiv2][body] GET https://serviceusage.googleapis.com/v1/projects/core-trade-global/services/run.googleapis.com [omitted]
[info] ✔  functions: required API run.googleapis.com is enabled 
[debug] [2026-01-29T23:40:40.691Z] <<< [apiv2][status] GET https://serviceusage.googleapis.com/v1/projects/core-trade-global/services/eventarc.googleapis.com 200
[debug] [2026-01-29T23:40:40.691Z] <<< [apiv2][body] GET https://serviceusage.googleapis.com/v1/projects/core-trade-global/services/eventarc.googleapis.com [omitted]
[info] ✔  functions: required API eventarc.googleapis.com is enabled 
[debug] [2026-01-29T23:40:40.703Z] <<< [apiv2][status] GET https://serviceusage.googleapis.com/v1/projects/core-trade-global/services/pubsub.googleapis.com 200
[debug] [2026-01-29T23:40:40.703Z] <<< [apiv2][body] GET https://serviceusage.googleapis.com/v1/projects/core-trade-global/services/pubsub.googleapis.com [omitted]
[info] ✔  functions: required API pubsub.googleapis.com is enabled 
[debug] [2026-01-29T23:40:40.719Z] <<< [apiv2][status] GET https://serviceusage.googleapis.com/v1/projects/core-trade-global/services/storage.googleapis.com 200
[debug] [2026-01-29T23:40:40.719Z] <<< [apiv2][body] GET https://serviceusage.googleapis.com/v1/projects/core-trade-global/services/storage.googleapis.com [omitted]
[info] ✔  functions: required API storage.googleapis.com is enabled 
[info] i  functions: generating the service identity for pubsub.googleapis.com... 
[debug] [2026-01-29T23:40:40.720Z] Checked if tokens are valid: true, expires at: 1769733046462
[debug] [2026-01-29T23:40:40.720Z] Checked if tokens are valid: true, expires at: 1769733046462
[info] i  functions: generating the service identity for eventarc.googleapis.com... 
[debug] [2026-01-29T23:40:40.720Z] Checked if tokens are valid: true, expires at: 1769733046462
[debug] [2026-01-29T23:40:40.720Z] Checked if tokens are valid: true, expires at: 1769733046462
[debug] [2026-01-29T23:40:40.720Z] >>> [apiv2][query] POST https://serviceusage.googleapis.com/v1beta1/projects/697939085347/services/pubsub.googleapis.com:generateServiceIdentity [none]
[debug] [2026-01-29T23:40:40.720Z] >>> [apiv2][query] POST https://serviceusage.googleapis.com/v1beta1/projects/697939085347/services/eventarc.googleapis.com:generateServiceIdentity [none]
[debug] [2026-01-29T23:40:41.119Z] <<< [apiv2][status] POST https://serviceusage.googleapis.com/v1beta1/projects/697939085347/services/eventarc.googleapis.com:generateServiceIdentity 200
[debug] [2026-01-29T23:40:41.119Z] <<< [apiv2][body] POST https://serviceusage.googleapis.com/v1beta1/projects/697939085347/services/eventarc.googleapis.com:generateServiceIdentity {"name":"operations/finished.DONE_OPERATION","done":true,"response":{"@type":"type.googleapis.com/google.api.serviceusage.v1beta1.ServiceIdentity","email":"service-697939085347@gcp-sa-eventarc.iam.gserviceaccount.com","uniqueId":"100797039714365099237"}}
[debug] [2026-01-29T23:40:41.562Z] <<< [apiv2][status] POST https://serviceusage.googleapis.com/v1beta1/projects/697939085347/services/pubsub.googleapis.com:generateServiceIdentity 200
[debug] [2026-01-29T23:40:41.563Z] <<< [apiv2][body] POST https://serviceusage.googleapis.com/v1beta1/projects/697939085347/services/pubsub.googleapis.com:generateServiceIdentity {"name":"operations/finished.DONE_OPERATION","done":true,"response":{"@type":"type.googleapis.com/google.api.serviceusage.v1beta1.ServiceIdentity","email":"service-697939085347@gcp-sa-pubsub.iam.gserviceaccount.com","uniqueId":"115244849362065907084"}}
[debug] [2026-01-29T23:40:41.565Z] Checked if tokens are valid: true, expires at: 1769733046462
[debug] [2026-01-29T23:40:41.565Z] Checked if tokens are valid: true, expires at: 1769733046462
[debug] [2026-01-29T23:40:41.565Z] >>> [apiv2][query] GET https://cloudresourcemanager.googleapis.com/v1/projects/core-trade-global [none]
[debug] [2026-01-29T23:40:41.750Z] <<< [apiv2][status] GET https://cloudresourcemanager.googleapis.com/v1/projects/core-trade-global 200
[debug] [2026-01-29T23:40:41.750Z] <<< [apiv2][body] GET https://cloudresourcemanager.googleapis.com/v1/projects/core-trade-global {"projectNumber":"697939085347","projectId":"core-trade-global","lifecycleState":"ACTIVE","name":"Core Trade Global","labels":{"firebase":"enabled","firebase-core":"disabled"},"createTime":"2025-10-14T11:59:43.882641Z"}
[debug] [2026-01-29T23:40:41.753Z] Checked if tokens are valid: true, expires at: 1769733046462
[debug] [2026-01-29T23:40:41.753Z] Checked if tokens are valid: true, expires at: 1769733046462
[debug] [2026-01-29T23:40:41.753Z] >>> [apiv2][query] GET https://cloudbilling.googleapis.com/v1/projects/core-trade-global/billingInfo [none]
[debug] [2026-01-29T23:40:42.068Z] <<< [apiv2][status] GET https://cloudbilling.googleapis.com/v1/projects/core-trade-global/billingInfo 200
[debug] [2026-01-29T23:40:42.068Z] <<< [apiv2][body] GET https://cloudbilling.googleapis.com/v1/projects/core-trade-global/billingInfo {"name":"projects/core-trade-global/billingInfo","projectId":"core-trade-global","billingAccountName":"billingAccounts/0106B9-EFB287-F23A4D","billingEnabled":true}
[debug] [2026-01-29T23:40:42.069Z] Checked if tokens are valid: true, expires at: 1769733046462
[debug] [2026-01-29T23:40:42.069Z] Checked if tokens are valid: true, expires at: 1769733046462
[debug] [2026-01-29T23:40:42.069Z] >>> [apiv2][query] POST https://cloudfunctions.googleapis.com/v2/projects/core-trade-global/locations/us-central1/functions:generateUploadUrl [none]
[debug] [2026-01-29T23:40:42.832Z] <<< [apiv2][status] POST https://cloudfunctions.googleapis.com/v2/projects/core-trade-global/locations/us-central1/functions:generateUploadUrl 200
[debug] [2026-01-29T23:40:42.832Z] <<< [apiv2][body] POST https://cloudfunctions.googleapis.com/v2/projects/core-trade-global/locations/us-central1/functions:generateUploadUrl {"uploadUrl":"https://storage.googleapis.com/gcf-v2-uploads-697939085347.us-central1.cloudfunctions.appspot.com/b4c91966-0ec9-4ec9-b3bd-e4908ddf74a3.zip?GoogleAccessId=service-697939085347@gcf-admin-robot.iam.gserviceaccount.com&Expires=1769731842&Signature=gvfMh7%2FMYBMLbCTOH7j9mcqjY0nVWkro6OcaM9g9tTAZtF3HD6hdWwPNiBv78P%2FvpDOZ%2FLQZydJkm8%2FMK8QgzEp%2B8ZhEfXhJOs3fhY42e3XjIkDcoKYaktSBFsIaFV9qjxFq9mh4ai801ukIebQxz8sgpO%2BDVLQGf0fDW761e4LLa5EOMRqjZINvYwUzd0hl5F1hXzQDDS1zfFw1FsitfBtPgBzCS7yIVXfQopPCnlH8p5533O8DlCVDDl9KA5fGEURFjpnVlNp%2B4PARda2xsdE1QdaCM1t%2BDY5tIz%2Fl2dCL2xtNXUmmM7mac%2BUWWUL56UKXcSK8oOl06%2BqTj0TfEQ%3D%3D","storageSource":{"bucket":"gcf-v2-uploads-697939085347.us-central1.cloudfunctions.appspot.com","object":"b4c91966-0ec9-4ec9-b3bd-e4908ddf74a3.zip"}}
[debug] [2026-01-29T23:40:42.832Z] >>> [apiv2][query] PUT https://storage.googleapis.com/gcf-v2-uploads-697939085347.us-central1.cloudfunctions.appspot.com/b4c91966-0ec9-4ec9-b3bd-e4908ddf74a3.zip GoogleAccessId=service-697939085347%40gcf-admin-robot.iam.gserviceaccount.com&Expires=1769731842&Signature=gvfMh7%2FMYBMLbCTOH7j9mcqjY0nVWkro6OcaM9g9tTAZtF3HD6hdWwPNiBv78P%2FvpDOZ%2FLQZydJkm8%2FMK8QgzEp%2B8ZhEfXhJOs3fhY42e3XjIkDcoKYaktSBFsIaFV9qjxFq9mh4ai801ukIebQxz8sgpO%2BDVLQGf0fDW761e4LLa5EOMRqjZINvYwUzd0hl5F1hXzQDDS1zfFw1FsitfBtPgBzCS7yIVXfQopPCnlH8p5533O8DlCVDDl9KA5fGEURFjpnVlNp%2B4PARda2xsdE1QdaCM1t%2BDY5tIz%2Fl2dCL2xtNXUmmM7mac%2BUWWUL56UKXcSK8oOl06%2BqTj0TfEQ%3D%3D
[debug] [2026-01-29T23:40:42.832Z] >>> [apiv2][body] PUT https://storage.googleapis.com/gcf-v2-uploads-697939085347.us-central1.cloudfunctions.appspot.com/b4c91966-0ec9-4ec9-b3bd-e4908ddf74a3.zip [stream]
[debug] [2026-01-29T23:40:43.278Z] <<< [apiv2][status] PUT https://storage.googleapis.com/gcf-v2-uploads-697939085347.us-central1.cloudfunctions.appspot.com/b4c91966-0ec9-4ec9-b3bd-e4908ddf74a3.zip 200
[debug] [2026-01-29T23:40:43.278Z] <<< [apiv2][body] PUT https://storage.googleapis.com/gcf-v2-uploads-697939085347.us-central1.cloudfunctions.appspot.com/b4c91966-0ec9-4ec9-b3bd-e4908ddf74a3.zip [omitted]
[info] ✔  functions: functions folder uploaded successfully 
[info] 
The following functions are found in your project but do not exist in your local source code:
	migrateCategoryIds(us-central1)

If you are renaming a function or changing its region, it is recommended that you create the new function first before deleting the old one to prevent event loss. For more info, visit https://firebase.google.com/docs/functions/manage-functions#modify

